<?xml version="1.0" encoding="UTF-8" ?>
<testsuite tests="3" failures="0" name="com.ray.weixin.gz.test.MenuServiceTest" time="1.289" errors="1" skipped="0">
  <properties>
    <property name="java.runtime.name" value="Java(TM) SE Runtime Environment"/>
    <property name="sun.boot.library.path" value="G:\Programme1\Java\InstallSite\Java1.8\jre\bin"/>
    <property name="java.vm.version" value="25.144-b01"/>
    <property name="java.vm.vendor" value="Oracle Corporation"/>
    <property name="maven.multiModuleProjectDirectory" value="G:\WorkSpace\Me\WeiXin_GZ_dev\weixin_gz"/>
    <property name="java.vendor.url" value="http://java.oracle.com/"/>
    <property name="path.separator" value=";"/>
    <property name="guice.disable.misplaced.annotation.check" value="true"/>
    <property name="java.vm.name" value="Java HotSpot(TM) 64-Bit Server VM"/>
    <property name="file.encoding.pkg" value="sun.io"/>
    <property name="user.script" value=""/>
    <property name="user.country" value="CN"/>
    <property name="sun.java.launcher" value="SUN_STANDARD"/>
    <property name="sun.os.patch.level" value=""/>
    <property name="java.vm.specification.name" value="Java Virtual Machine Specification"/>
    <property name="user.dir" value="G:\WorkSpace\Me\WeiXin_GZ_dev\weixin_gz"/>
    <property name="java.runtime.version" value="1.8.0_144-b01"/>
    <property name="java.awt.graphicsenv" value="sun.awt.Win32GraphicsEnvironment"/>
    <property name="java.endorsed.dirs" value="G:\Programme1\Java\InstallSite\Java1.8\jre\lib\endorsed"/>
    <property name="os.arch" value="amd64"/>
    <property name="java.io.tmpdir" value="C:\Users\SHIRAY~1\AppData\Local\Temp\"/>
    <property name="line.separator" value="
"/>
    <property name="java.vm.specification.vendor" value="Oracle Corporation"/>
    <property name="user.variant" value=""/>
    <property name="os.name" value="Windows 10"/>
    <property name="classworlds.conf" value="G:\WorkSpace\Me\WeiXin_GZ_dev\.metadata\.plugins\org.eclipse.m2e.launching\launches\m2conf1567559390831032865.tmp"/>
    <property name="sun.jnu.encoding" value="GBK"/>
    <property name="java.library.path" value="G:\Programme1\Java\InstallSite\Java1.8\bin;C:\windows\Sun\Java\bin;C:\windows\system32;C:\windows;C:\ProgramData\Oracle\Java\javapath;G:\Programme1\Gradle\gradle-4.1\bin;G:\Programme1\MySQL\mysql-5.7.17\bin;G:\Programme1\Maven\apache-maven-3.5.0\bin;G:\Programme1\Tomcat\apache-tomcat-7.0.79-windows-x64\apache-tomcat-7.0.79\bin;G:\Programme1\Java\InstallSite\Java1.8\bin;G:\Programme1\Java\InstallSite\Java1.8\jre\bin;G:\Programme1\Oracel\InstallSiteClient\product\11.2.0\client_1\bin;G:\Programme1\Oracel\InstallSite_Client\product\11.2.0\client_2\bin;G:\Programme1\Oracel\InstallSite_Client\product\11.2.0\client_1\bin;C:\Program Files (x86)\Intel\iCLS Client\;C:\Program Files\Intel\iCLS Client\;C:\windows\system32;C:\windows;C:\windows\System32\Wbem;C:\windows\System32\WindowsPowerShell\v1.0\;C:\Program Files (x86)\Intel\Intel(R) Management Engine Components\DAL;C:\Program Files\Intel\Intel(R) Management Engine Components\DAL;C:\Program Files (x86)\Intel\Intel(R) Management Engine Components\IPT;C:\Program Files\Intel\Intel(R) Management Engine Components\IPT;c:\Program Files\Intel\WiFi\bin\;c:\Program Files\Common Files\Intel\WirelessCommon\;C:\Users\shirayner\AppData\Local\Microsoft\WindowsApps;;."/>
    <property name="java.specification.name" value="Java Platform API Specification"/>
    <property name="java.class.version" value="52.0"/>
    <property name="sun.management.compiler" value="HotSpot 64-Bit Tiered Compilers"/>
    <property name="os.version" value="10.0"/>
    <property name="user.home" value="C:\Users\shirayner"/>
    <property name="user.timezone" value="GMT+08:00"/>
    <property name="java.awt.printerjob" value="sun.awt.windows.WPrinterJob"/>
    <property name="java.specification.version" value="1.8"/>
    <property name="file.encoding" value="UTF-8"/>
    <property name="user.name" value="shirayner"/>
    <property name="java.class.path" value="G:\Programme1\Eclipse\eclipse-jee-oxygen\eclipse\plugins\org.eclipse.m2e.maven.runtime_1.8.2.20171007-0216\jars\plexus-classworlds-2.5.2.jar"/>
    <property name="java.vm.specification.version" value="1.8"/>
    <property name="sun.arch.data.model" value="64"/>
    <property name="java.home" value="G:\Programme1\Java\InstallSite\Java1.8\jre"/>
    <property name="sun.java.command" value="org.codehaus.plexus.classworlds.launcher.Launcher -B -gs G:\Programme1\Maven\apache-maven-3.5.0\conf\settings.xml -s G:\Programme1\Maven\apache-maven-3.5.0\conf\settings.xml install"/>
    <property name="java.specification.vendor" value="Oracle Corporation"/>
    <property name="user.language" value="zh"/>
    <property name="awt.toolkit" value="sun.awt.windows.WToolkit"/>
    <property name="java.vm.info" value="mixed mode"/>
    <property name="java.version" value="1.8.0_144"/>
    <property name="java.ext.dirs" value="G:\Programme1\Java\InstallSite\Java1.8\jre\lib\ext;C:\windows\Sun\Java\lib\ext"/>
    <property name="sun.boot.class.path" value="G:\Programme1\Java\InstallSite\Java1.8\jre\lib\resources.jar;G:\Programme1\Java\InstallSite\Java1.8\jre\lib\rt.jar;G:\Programme1\Java\InstallSite\Java1.8\jre\lib\sunrsasign.jar;G:\Programme1\Java\InstallSite\Java1.8\jre\lib\jsse.jar;G:\Programme1\Java\InstallSite\Java1.8\jre\lib\jce.jar;G:\Programme1\Java\InstallSite\Java1.8\jre\lib\charsets.jar;G:\Programme1\Java\InstallSite\Java1.8\jre\lib\jfr.jar;G:\Programme1\Java\InstallSite\Java1.8\jre\classes"/>
    <property name="java.vendor" value="Oracle Corporation"/>
    <property name="maven.home" value="G:\WorkSpace\Me\WeiXin_GZ_dev\weixin_gz\EMBEDDED"/>
    <property name="file.separator" value="\"/>
    <property name="java.vendor.url.bug" value="http://bugreport.sun.com/bugreport/"/>
    <property name="sun.cpu.endian" value="little"/>
    <property name="sun.io.unicode.encoding" value="UnicodeLittle"/>
    <property name="sun.desktop" value="windows"/>
    <property name="sun.cpu.isalist" value="amd64"/>
  </properties>
  <testcase classname="com.ray.weixin.gz.test.MenuServiceTest" name="testGetMenu" time="0.18">
    <error message="error code:46003, error message:menu no exist hint: [Sojw_a0635vr26]" type="java.lang.Exception">java.lang.Exception: error code:46003, error message:menu no exist hint: [Sojw_a0635vr26]
	at com.ray.weixin.gz.util.HttpHelper.doGet(HttpHelper.java:81)
	at com.ray.weixin.gz.service.menu.MenuService.getMenu(MenuService.java:79)
	at com.ray.weixin.gz.test.MenuServiceTest.testGetMenu(MenuServiceTest.java:53)
	at sun.reflect.NativeMethodAccessorImpl.invoke0(Native Method)
	at sun.reflect.NativeMethodAccessorImpl.invoke(NativeMethodAccessorImpl.java:62)
	at sun.reflect.DelegatingMethodAccessorImpl.invoke(DelegatingMethodAccessorImpl.java:43)
	at java.lang.reflect.Method.invoke(Method.java:498)
	at org.junit.runners.model.FrameworkMethod$1.runReflectiveCall(FrameworkMethod.java:47)
	at org.junit.internal.runners.model.ReflectiveCallable.run(ReflectiveCallable.java:12)
	at org.junit.runners.model.FrameworkMethod.invokeExplosively(FrameworkMethod.java:44)
	at org.junit.internal.runners.statements.InvokeMethod.evaluate(InvokeMethod.java:17)
	at org.junit.runners.ParentRunner.runLeaf(ParentRunner.java:271)
	at org.junit.runners.BlockJUnit4ClassRunner.runChild(BlockJUnit4ClassRunner.java:70)
	at org.junit.runners.BlockJUnit4ClassRunner.runChild(BlockJUnit4ClassRunner.java:50)
	at org.junit.runners.ParentRunner$3.run(ParentRunner.java:238)
	at org.junit.runners.ParentRunner$1.schedule(ParentRunner.java:63)
	at org.junit.runners.ParentRunner.runChildren(ParentRunner.java:236)
	at org.junit.runners.ParentRunner.access$000(ParentRunner.java:53)
	at org.junit.runners.ParentRunner$2.evaluate(ParentRunner.java:229)
	at org.junit.runners.ParentRunner.run(ParentRunner.java:309)
	at org.apache.maven.surefire.junit4.JUnit4Provider.execute(JUnit4Provider.java:252)
	at org.apache.maven.surefire.junit4.JUnit4Provider.executeTestSet(JUnit4Provider.java:141)
	at org.apache.maven.surefire.junit4.JUnit4Provider.invoke(JUnit4Provider.java:112)
	at sun.reflect.NativeMethodAccessorImpl.invoke0(Native Method)
	at sun.reflect.NativeMethodAccessorImpl.invoke(NativeMethodAccessorImpl.java:62)
	at sun.reflect.DelegatingMethodAccessorImpl.invoke(DelegatingMethodAccessorImpl.java:43)
	at java.lang.reflect.Method.invoke(Method.java:498)
	at org.apache.maven.surefire.util.ReflectionUtils.invokeMethodWithArray(ReflectionUtils.java:189)
	at org.apache.maven.surefire.booter.ProviderFactory$ProviderProxy.invoke(ProviderFactory.java:165)
	at org.apache.maven.surefire.booter.ProviderFactory.invokeProvider(ProviderFactory.java:85)
	at org.apache.maven.surefire.booter.ForkedBooter.runSuitesInProcess(ForkedBooter.java:115)
	at org.apache.maven.surefire.booter.ForkedBooter.main(ForkedBooter.java:75)
</error>
    <system-out>GET��������{&quot;access_token&quot;:&quot;qNGr5PYleIWw-a0khtPeh5BJWWyj146rWmb6AcOYf-TjUXnWlWW0iL3R8lxnds6ISN1a-kkCQbZsBr9q7Ubd5C-trDc5iSS-ZYprlfpU3M_I3WrWgogxMe4rfB0bbe0LPNRfABALJN&quot;,&quot;expires_in&quot;:7199}
11:00:35.763 [main] INFO  com.ray.weixin.gz.util.AuthHelper - jsonObject:{&quot;access_token&quot;:&quot;qNGr5PYleIWw-a0khtPeh5BJWWyj146rWmb6AcOYf-TjUXnWlWW0iL3R8lxnds6ISN1a-kkCQbZsBr9q7Ubd5C-trDc5iSS-ZYprlfpU3M_I3WrWgogxMe4rfB0bbe0LPNRfABALJN&quot;,&quot;expires_in&quot;:7199}
GET��������{&quot;errcode&quot;:46003,&quot;errmsg&quot;:&quot;menu no exist hint: [Sojw_a0635vr26]&quot;}
request url=https://api.weixin.qq.com/cgi-bin/menu/get?access_token=qNGr5PYleIWw-a0khtPeh5BJWWyj146rWmb6AcOYf-TjUXnWlWW0iL3R8lxnds6ISN1a-kkCQbZsBr9q7Ubd5C-trDc5iSS-ZYprlfpU3M_I3WrWgogxMe4rfB0bbe0LPNRfABALJN,return value=
{&quot;errcode&quot;:46003,&quot;errmsg&quot;:&quot;menu no exist hint: [Sojw_a0635vr26]&quot;}
</system-out>
  </testcase>
  <testcase classname="com.ray.weixin.gz.test.MenuServiceTest" name="testCreateMenu" time="0.704"/>
  <testcase classname="com.ray.weixin.gz.test.MenuServiceTest" name="testDeleteMenu" time="0.405"/>
</testsuite>