<?xml version="1.0" encoding="UTF-8" ?>
<testsuite tests="2" failures="0" name="com.ray.weixin.gz.test.AuthHelperTest" time="2.03" errors="0" skipped="0">
  <properties>
    <property name="java.runtime.name" value="Java(TM) SE Runtime Environment"/>
    <property name="sun.boot.library.path" value="G:\Programme1\Java\InstallSite\Java1.8\jre\bin"/>
    <property name="java.vm.version" value="25.144-b01"/>
    <property name="java.vm.vendor" value="Oracle Corporation"/>
    <property name="maven.multiModuleProjectDirectory" value="G:\WorkSpace\Me\WeiXin_GZ_dev\weixin_gz"/>
    <property name="java.vendor.url" value="http://java.oracle.com/"/>
    <property name="path.separator" value=";"/>
    <property name="guice.disable.misplaced.annotation.check" value="true"/>
    <property name="java.vm.name" value="Java HotSpot(TM) 64-Bit Server VM"/>
    <property name="file.encoding.pkg" value="sun.io"/>
    <property name="user.script" value=""/>
    <property name="user.country" value="CN"/>
    <property name="sun.java.launcher" value="SUN_STANDARD"/>
    <property name="sun.os.patch.level" value=""/>
    <property name="java.vm.specification.name" value="Java Virtual Machine Specification"/>
    <property name="user.dir" value="G:\WorkSpace\Me\WeiXin_GZ_dev\weixin_gz"/>
    <property name="java.runtime.version" value="1.8.0_144-b01"/>
    <property name="java.awt.graphicsenv" value="sun.awt.Win32GraphicsEnvironment"/>
    <property name="java.endorsed.dirs" value="G:\Programme1\Java\InstallSite\Java1.8\jre\lib\endorsed"/>
    <property name="os.arch" value="amd64"/>
    <property name="java.io.tmpdir" value="C:\Users\SHIRAY~1\AppData\Local\Temp\"/>
    <property name="line.separator" value="
"/>
    <property name="java.vm.specification.vendor" value="Oracle Corporation"/>
    <property name="user.variant" value=""/>
    <property name="os.name" value="Windows 10"/>
    <property name="classworlds.conf" value="G:\WorkSpace\Me\WeiXin_GZ_dev\.metadata\.plugins\org.eclipse.m2e.launching\launches\m2conf1567559390831032865.tmp"/>
    <property name="sun.jnu.encoding" value="GBK"/>
    <property name="java.library.path" value="G:\Programme1\Java\InstallSite\Java1.8\bin;C:\windows\Sun\Java\bin;C:\windows\system32;C:\windows;C:\ProgramData\Oracle\Java\javapath;G:\Programme1\Gradle\gradle-4.1\bin;G:\Programme1\MySQL\mysql-5.7.17\bin;G:\Programme1\Maven\apache-maven-3.5.0\bin;G:\Programme1\Tomcat\apache-tomcat-7.0.79-windows-x64\apache-tomcat-7.0.79\bin;G:\Programme1\Java\InstallSite\Java1.8\bin;G:\Programme1\Java\InstallSite\Java1.8\jre\bin;G:\Programme1\Oracel\InstallSiteClient\product\11.2.0\client_1\bin;G:\Programme1\Oracel\InstallSite_Client\product\11.2.0\client_2\bin;G:\Programme1\Oracel\InstallSite_Client\product\11.2.0\client_1\bin;C:\Program Files (x86)\Intel\iCLS Client\;C:\Program Files\Intel\iCLS Client\;C:\windows\system32;C:\windows;C:\windows\System32\Wbem;C:\windows\System32\WindowsPowerShell\v1.0\;C:\Program Files (x86)\Intel\Intel(R) Management Engine Components\DAL;C:\Program Files\Intel\Intel(R) Management Engine Components\DAL;C:\Program Files (x86)\Intel\Intel(R) Management Engine Components\IPT;C:\Program Files\Intel\Intel(R) Management Engine Components\IPT;c:\Program Files\Intel\WiFi\bin\;c:\Program Files\Common Files\Intel\WirelessCommon\;C:\Users\shirayner\AppData\Local\Microsoft\WindowsApps;;."/>
    <property name="java.specification.name" value="Java Platform API Specification"/>
    <property name="java.class.version" value="52.0"/>
    <property name="sun.management.compiler" value="HotSpot 64-Bit Tiered Compilers"/>
    <property name="os.version" value="10.0"/>
    <property name="user.home" value="C:\Users\shirayner"/>
    <property name="user.timezone" value="GMT+08:00"/>
    <property name="java.awt.printerjob" value="sun.awt.windows.WPrinterJob"/>
    <property name="java.specification.version" value="1.8"/>
    <property name="file.encoding" value="UTF-8"/>
    <property name="user.name" value="shirayner"/>
    <property name="java.class.path" value="G:\Programme1\Eclipse\eclipse-jee-oxygen\eclipse\plugins\org.eclipse.m2e.maven.runtime_1.8.2.20171007-0216\jars\plexus-classworlds-2.5.2.jar"/>
    <property name="java.vm.specification.version" value="1.8"/>
    <property name="sun.arch.data.model" value="64"/>
    <property name="java.home" value="G:\Programme1\Java\InstallSite\Java1.8\jre"/>
    <property name="sun.java.command" value="org.codehaus.plexus.classworlds.launcher.Launcher -B -gs G:\Programme1\Maven\apache-maven-3.5.0\conf\settings.xml -s G:\Programme1\Maven\apache-maven-3.5.0\conf\settings.xml install"/>
    <property name="java.specification.vendor" value="Oracle Corporation"/>
    <property name="user.language" value="zh"/>
    <property name="awt.toolkit" value="sun.awt.windows.WToolkit"/>
    <property name="java.vm.info" value="mixed mode"/>
    <property name="java.version" value="1.8.0_144"/>
    <property name="java.ext.dirs" value="G:\Programme1\Java\InstallSite\Java1.8\jre\lib\ext;C:\windows\Sun\Java\lib\ext"/>
    <property name="sun.boot.class.path" value="G:\Programme1\Java\InstallSite\Java1.8\jre\lib\resources.jar;G:\Programme1\Java\InstallSite\Java1.8\jre\lib\rt.jar;G:\Programme1\Java\InstallSite\Java1.8\jre\lib\sunrsasign.jar;G:\Programme1\Java\InstallSite\Java1.8\jre\lib\jsse.jar;G:\Programme1\Java\InstallSite\Java1.8\jre\lib\jce.jar;G:\Programme1\Java\InstallSite\Java1.8\jre\lib\charsets.jar;G:\Programme1\Java\InstallSite\Java1.8\jre\lib\jfr.jar;G:\Programme1\Java\InstallSite\Java1.8\jre\classes"/>
    <property name="java.vendor" value="Oracle Corporation"/>
    <property name="maven.home" value="G:\WorkSpace\Me\WeiXin_GZ_dev\weixin_gz\EMBEDDED"/>
    <property name="file.separator" value="\"/>
    <property name="java.vendor.url.bug" value="http://bugreport.sun.com/bugreport/"/>
    <property name="sun.cpu.endian" value="little"/>
    <property name="sun.io.unicode.encoding" value="UnicodeLittle"/>
    <property name="sun.desktop" value="windows"/>
    <property name="sun.cpu.isalist" value="amd64"/>
  </properties>
  <testcase classname="com.ray.weixin.gz.test.AuthHelperTest" name="testGetJsapiTicket" time="1.936"/>
  <testcase classname="com.ray.weixin.gz.test.AuthHelperTest" name="testGetAccessToken" time="0.094"/>
</testsuite>